<?xml version="1.0" encoding="UTF-8"?>
<!-- Generated by org.testng.reporters.JUnitReportReporter -->
<testsuite hostname="DESKTOP-58UFGNN" failures="0" tests="4" name="api.test.UserTest" time="32.513" errors="0" timestamp="2025-04-11T15:34:58 IST" skipped="0">
  <testcase classname="api.test.UserTest" name="testCreateUser" time="6.412"/>
  <testcase classname="api.test.UserTest" name="testReadUserByName" time="3.396"/>
  <testcase classname="api.test.UserTest" name="testUpdateUser" time="20.104"/>
  <testcase classname="api.test.UserTest" name="testDeleteUserByName" time="2.601"/>
</testsuite> <!-- api.test.UserTest -->
