<?xml version="1.0" encoding="UTF-8"?>
<!-- Generated by org.testng.reporters.JUnitReportReporter -->
<testsuite hostname="DESKTOP-58UFGNN" failures="0" tests="4" name="api.test.UserTest" time="27.636" errors="0" timestamp="2025-04-10T18:19:49 IST" skipped="0">
  <testcase classname="api.test.UserTest" name="testCreateUser" time="7.350"/>
  <testcase classname="api.test.UserTest" name="testReadUserByName" time="4.260"/>
  <testcase classname="api.test.UserTest" name="testUpdateUser" time="12.962"/>
  <testcase classname="api.test.UserTest" name="testDeleteUserByName" time="3.064"/>
</testsuite> <!-- api.test.UserTest -->
