<?xml version="1.0" encoding="UTF-8"?>
<!-- Generated by org.testng.reporters.JUnitReportReporter -->
<testsuite hostname="DESKTOP-58UFGNN" failures="0" tests="9" name="api.test.DDtest" time="34.820" errors="0" timestamp="2025-04-10T17:19:20 IST" skipped="0">
  <testcase classname="api.test.DDtest" name="testCreateUser" time="8.173"/>
  <testcase classname="api.test.DDtest" name="testCreateUser" time="6.238"/>
  <testcase classname="api.test.DDtest" name="testCreateUser" time="3.129"/>
  <testcase classname="api.test.DDtest" name="testReadUserByName" time="3.862"/>
  <testcase classname="api.test.DDtest" name="testDeleteUserByName" time="3.315"/>
  <testcase classname="api.test.DDtest" name="testReadUserByName" time="3.123"/>
  <testcase classname="api.test.DDtest" name="testDeleteUserByName" time="2.425"/>
  <testcase classname="api.test.DDtest" name="testDeleteUserByName" time="2.876"/>
  <testcase classname="api.test.DDtest" name="testReadUserByName" time="1.679"/>
</testsuite> <!-- api.test.DDtest -->
