<?xml version="1.0" encoding="UTF-8"?>
<!-- Generated by org.testng.reporters.JUnitReportReporter -->
<testsuite hostname="DESKTOP-58UFGNN" failures="0" tests="4" name="api.test.UserTest" time="21.125" errors="0" timestamp="2025-04-11T15:42:01 IST" skipped="0">
  <testcase classname="api.test.UserTest" name="testCreateUser" time="10.089"/>
  <testcase classname="api.test.UserTest" name="testReadUserByName" time="3.646"/>
  <testcase classname="api.test.UserTest" name="testUpdateUser" time="4.805"/>
  <testcase classname="api.test.UserTest" name="testDeleteUserByName" time="2.585"/>
</testsuite> <!-- api.test.UserTest -->
